[2018-11-16 18:46:48.648] [exthost1] [info] extension host started
[2018-11-16 18:46:48.675] [exthost1] [info] ExtensionService#_doActivateExtension vscode.debug-auto-launch {"startup":true,"activationEvent":"*"}
[2018-11-16 18:46:48.675] [exthost1] [info] ExtensionService#loadCommonJSModule c:\Users\chirag.goyal\.codemix\engine\resources\app\extensions\debug-auto-launch\out\extension
[2018-11-16 18:46:48.942] [exthost1] [info] ExtensionService#_doActivateExtension vscode.emmet {"startup":true,"activationEvent":"*"}
[2018-11-16 18:46:48.942] [exthost1] [info] ExtensionService#loadCommonJSModule c:\Users\chirag.goyal\.codemix\engine\resources\app\extensions\emmet\dist\extension
[2018-11-16 18:46:49.049] [exthost1] [info] ExtensionService#_doActivateExtension vscode.merge-conflict {"startup":true,"activationEvent":"*"}
[2018-11-16 18:46:49.049] [exthost1] [info] ExtensionService#loadCommonJSModule c:\Users\chirag.goyal\.codemix\engine\resources\app\extensions\merge-conflict\out\extension
[2018-11-16 18:46:49.821] [exthost1] [info] ExtensionService#_doActivateExtension vscode.search-rg {"startup":true,"activationEvent":"*"}
[2018-11-16 18:46:49.821] [exthost1] [info] ExtensionService#loadCommonJSModule c:\Users\chirag.goyal\.codemix\engine\resources\app\extensions\search-rg\out\extension
[2018-11-16 18:46:50.290] [exthost1] [info] ExtensionService#_doActivateExtension formulahendry.auto-close-tag {"startup":true,"activationEvent":"*"}
[2018-11-16 18:46:50.290] [exthost1] [info] ExtensionService#loadCommonJSModule C:\Users\chirag.goyal\.vscode\extensions\formulahendry.auto-close-tag-0.5.6\out\src\extension
[2018-11-16 18:46:50.349] [exthost1] [info] ExtensionService#_doActivateExtension HookyQR.beautify {"startup":true,"activationEvent":"*"}
[2018-11-16 18:46:50.349] [exthost1] [info] ExtensionService#loadCommonJSModule C:\Users\chirag.goyal\.vscode\extensions\hookyqr.beautify-1.3.0\extension
[2018-11-16 18:46:51.412] [exthost1] [info] ExtensionService#_doActivateExtension Zignd.html-css-class-completion {"startup":true,"activationEvent":"*"}
[2018-11-16 18:46:51.412] [exthost1] [info] ExtensionService#loadCommonJSModule C:\Users\chirag.goyal\.vscode\extensions\zignd.html-css-class-completion-1.17.1\out\src\extension
[2018-11-16 18:47:08.034] [exthost1] [info] eager extensions activated
[2018-11-16 18:47:08.036] [exthost1] [info] ExtensionService#_doActivateExtension vscode.configuration-editing {"startup":false,"activationEvent":"onLanguage:jsonc"}
[2018-11-16 18:47:08.036] [exthost1] [info] ExtensionService#loadCommonJSModule c:\Users\chirag.goyal\.codemix\engine\resources\app\extensions\configuration-editing\out\extension
[2018-11-16 18:47:08.657] [exthost1] [info] ExtensionService#_doActivateExtension vscode.json-language-features {"startup":false,"activationEvent":"onLanguage:jsonc"}
[2018-11-16 18:47:08.657] [exthost1] [info] ExtensionService#loadCommonJSModule c:\Users\chirag.goyal\.codemix\engine\resources\app\extensions\json-language-features\client\dist\jsonMain
[2018-11-16 18:47:11.803] [exthost1] [info] ExtensionService#_doActivateExtension vscode.typescript-language-features {"startup":false,"activationEvent":"onLanguage:jsonc"}
[2018-11-16 18:47:11.803] [exthost1] [info] ExtensionService#loadCommonJSModule c:\Users\chirag.goyal\.codemix\engine\resources\app\extensions\typescript-language-features\dist\extension
[2018-11-16 18:47:14.192] [exthost1] [info] ExtensionService#_doActivateExtension vscode.grunt {"startup":false,"activationEvent":"onCommand:workbench.action.tasks.runTask"}
[2018-11-16 18:47:14.192] [exthost1] [info] ExtensionService#loadCommonJSModule c:\Users\chirag.goyal\.codemix\engine\resources\app\extensions\grunt\out\main
[2018-11-16 18:47:14.491] [exthost1] [info] ExtensionService#_doActivateExtension vscode.gulp {"startup":false,"activationEvent":"onCommand:workbench.action.tasks.runTask"}
[2018-11-16 18:47:14.491] [exthost1] [info] ExtensionService#loadCommonJSModule c:\Users\chirag.goyal\.codemix\engine\resources\app\extensions\gulp\out\main
[2018-11-16 18:47:14.672] [exthost1] [info] ExtensionService#_doActivateExtension vscode.jake {"startup":false,"activationEvent":"onCommand:workbench.action.tasks.runTask"}
[2018-11-16 18:47:14.672] [exthost1] [info] ExtensionService#loadCommonJSModule c:\Users\chirag.goyal\.codemix\engine\resources\app\extensions\jake\out\main
[2018-11-16 18:47:14.985] [exthost1] [info] ExtensionService#_doActivateExtension vscode.npm {"startup":false,"activationEvent":"onCommand:workbench.action.tasks.runTask"}
[2018-11-16 18:47:14.985] [exthost1] [info] ExtensionService#loadCommonJSModule c:\Users\chirag.goyal\.codemix\engine\resources\app\extensions\npm\out\main
