[2018-11-12 17:39:37.476] [exthost1] [info] extension host started
[2018-11-12 17:39:37.490] [exthost1] [info] ExtensionService#_doActivateExtension vscode.debug-auto-launch {"startup":true,"activationEvent":"*"}
[2018-11-12 17:39:37.490] [exthost1] [info] ExtensionService#loadCommonJSModule c:\Users\chirag.goyal\.codemix\engine\resources\app\extensions\debug-auto-launch\out\extension
[2018-11-12 17:39:37.756] [exthost1] [info] ExtensionService#_doActivateExtension vscode.emmet {"startup":true,"activationEvent":"*"}
[2018-11-12 17:39:37.756] [exthost1] [info] ExtensionService#loadCommonJSModule c:\Users\chirag.goyal\.codemix\engine\resources\app\extensions\emmet\dist\extension
[2018-11-12 17:39:37.849] [exthost1] [info] ExtensionService#_doActivateExtension vscode.merge-conflict {"startup":true,"activationEvent":"*"}
[2018-11-12 17:39:37.849] [exthost1] [info] ExtensionService#loadCommonJSModule c:\Users\chirag.goyal\.codemix\engine\resources\app\extensions\merge-conflict\out\extension
[2018-11-12 17:39:38.609] [exthost1] [info] ExtensionService#_doActivateExtension vscode.search-rg {"startup":true,"activationEvent":"*"}
[2018-11-12 17:39:38.609] [exthost1] [info] ExtensionService#loadCommonJSModule c:\Users\chirag.goyal\.codemix\engine\resources\app\extensions\search-rg\out\extension
[2018-11-12 17:39:39.015] [exthost1] [info] ExtensionService#_doActivateExtension formulahendry.auto-close-tag {"startup":true,"activationEvent":"*"}
[2018-11-12 17:39:39.015] [exthost1] [info] ExtensionService#loadCommonJSModule C:\Users\chirag.goyal\.vscode\extensions\formulahendry.auto-close-tag-0.5.6\out\src\extension
[2018-11-12 17:39:39.064] [exthost1] [info] ExtensionService#_doActivateExtension HookyQR.beautify {"startup":true,"activationEvent":"*"}
[2018-11-12 17:39:39.064] [exthost1] [info] ExtensionService#loadCommonJSModule C:\Users\chirag.goyal\.vscode\extensions\hookyqr.beautify-1.3.0\extension
[2018-11-12 17:39:40.218] [exthost1] [info] ExtensionService#_doActivateExtension Zignd.html-css-class-completion {"startup":true,"activationEvent":"*"}
[2018-11-12 17:39:40.219] [exthost1] [info] ExtensionService#loadCommonJSModule C:\Users\chirag.goyal\.vscode\extensions\zignd.html-css-class-completion-1.17.1\out\src\extension
[2018-11-12 17:39:47.692] [exthost1] [info] eager extensions activated
[2018-11-12 17:39:47.695] [exthost1] [info] ExtensionService#_doActivateExtension vscode.configuration-editing {"startup":false,"activationEvent":"onLanguage:jsonc"}
[2018-11-12 17:39:47.695] [exthost1] [info] ExtensionService#loadCommonJSModule c:\Users\chirag.goyal\.codemix\engine\resources\app\extensions\configuration-editing\out\extension
[2018-11-12 17:39:48.063] [exthost1] [info] ExtensionService#_doActivateExtension vscode.json-language-features {"startup":false,"activationEvent":"onLanguage:jsonc"}
[2018-11-12 17:39:48.063] [exthost1] [info] ExtensionService#loadCommonJSModule c:\Users\chirag.goyal\.codemix\engine\resources\app\extensions\json-language-features\client\dist\jsonMain
[2018-11-12 17:39:50.860] [exthost1] [info] ExtensionService#_doActivateExtension vscode.typescript-language-features {"startup":false,"activationEvent":"onLanguage:jsonc"}
[2018-11-12 17:39:50.860] [exthost1] [info] ExtensionService#loadCommonJSModule c:\Users\chirag.goyal\.codemix\engine\resources\app\extensions\typescript-language-features\dist\extension
[2018-11-12 17:39:52.890] [exthost1] [info] ExtensionService#_doActivateExtension vscode.grunt {"startup":false,"activationEvent":"onCommand:workbench.action.tasks.runTask"}
[2018-11-12 17:39:52.890] [exthost1] [info] ExtensionService#loadCommonJSModule c:\Users\chirag.goyal\.codemix\engine\resources\app\extensions\grunt\out\main
[2018-11-12 17:39:53.098] [exthost1] [info] ExtensionService#_doActivateExtension vscode.gulp {"startup":false,"activationEvent":"onCommand:workbench.action.tasks.runTask"}
[2018-11-12 17:39:53.098] [exthost1] [info] ExtensionService#loadCommonJSModule c:\Users\chirag.goyal\.codemix\engine\resources\app\extensions\gulp\out\main
[2018-11-12 17:39:53.424] [exthost1] [info] ExtensionService#_doActivateExtension vscode.jake {"startup":false,"activationEvent":"onCommand:workbench.action.tasks.runTask"}
[2018-11-12 17:39:53.424] [exthost1] [info] ExtensionService#loadCommonJSModule c:\Users\chirag.goyal\.codemix\engine\resources\app\extensions\jake\out\main
[2018-11-12 17:39:53.590] [exthost1] [info] ExtensionService#_doActivateExtension vscode.npm {"startup":false,"activationEvent":"onCommand:workbench.action.tasks.runTask"}
[2018-11-12 17:39:53.590] [exthost1] [info] ExtensionService#loadCommonJSModule c:\Users\chirag.goyal\.codemix\engine\resources\app\extensions\npm\out\main
