[2018-11-09 17:11:44.118] [exthost1] [info] extension host started
[2018-11-09 17:11:44.150] [exthost1] [info] ExtensionService#_doActivateExtension vscode.debug-auto-launch {"startup":true,"activationEvent":"*"}
[2018-11-09 17:11:44.150] [exthost1] [info] ExtensionService#loadCommonJSModule c:\Users\chirag.goyal\.codemix\engine\resources\app\extensions\debug-auto-launch\out\extension
[2018-11-09 17:11:44.164] [exthost1] [info] ExtensionService#_doActivateExtension vscode.emmet {"startup":true,"activationEvent":"*"}
[2018-11-09 17:11:44.164] [exthost1] [info] ExtensionService#loadCommonJSModule c:\Users\chirag.goyal\.codemix\engine\resources\app\extensions\emmet\dist\extension
[2018-11-09 17:11:44.228] [exthost1] [info] ExtensionService#_doActivateExtension vscode.merge-conflict {"startup":true,"activationEvent":"*"}
[2018-11-09 17:11:44.228] [exthost1] [info] ExtensionService#loadCommonJSModule c:\Users\chirag.goyal\.codemix\engine\resources\app\extensions\merge-conflict\out\extension
[2018-11-09 17:11:44.246] [exthost1] [info] ExtensionService#_doActivateExtension vscode.search-rg {"startup":true,"activationEvent":"*"}
[2018-11-09 17:11:44.246] [exthost1] [info] ExtensionService#loadCommonJSModule c:\Users\chirag.goyal\.codemix\engine\resources\app\extensions\search-rg\out\extension
[2018-11-09 17:11:44.255] [exthost1] [info] ExtensionService#_doActivateExtension formulahendry.auto-close-tag {"startup":true,"activationEvent":"*"}
[2018-11-09 17:11:44.255] [exthost1] [info] ExtensionService#loadCommonJSModule C:\Users\chirag.goyal\.vscode\extensions\formulahendry.auto-close-tag-0.5.6\out\src\extension
[2018-11-09 17:11:44.258] [exthost1] [info] ExtensionService#_doActivateExtension HookyQR.beautify {"startup":true,"activationEvent":"*"}
[2018-11-09 17:11:44.258] [exthost1] [info] ExtensionService#loadCommonJSModule C:\Users\chirag.goyal\.vscode\extensions\hookyqr.beautify-1.3.0\extension
[2018-11-09 17:11:44.306] [exthost1] [info] ExtensionService#_doActivateExtension Zignd.html-css-class-completion {"startup":true,"activationEvent":"*"}
[2018-11-09 17:11:44.306] [exthost1] [info] ExtensionService#loadCommonJSModule C:\Users\chirag.goyal\.vscode\extensions\zignd.html-css-class-completion-1.17.1\out\src\extension
[2018-11-09 17:11:45.207] [exthost1] [info] eager extensions activated
[2018-11-09 17:11:45.213] [exthost1] [info] ExtensionService#_doActivateExtension vscode.configuration-editing {"startup":false,"activationEvent":"onLanguage:jsonc"}
[2018-11-09 17:11:45.213] [exthost1] [info] ExtensionService#loadCommonJSModule c:\Users\chirag.goyal\.codemix\engine\resources\app\extensions\configuration-editing\out\extension
[2018-11-09 17:11:45.226] [exthost1] [info] ExtensionService#_doActivateExtension vscode.json-language-features {"startup":false,"activationEvent":"onLanguage:jsonc"}
[2018-11-09 17:11:45.226] [exthost1] [info] ExtensionService#loadCommonJSModule c:\Users\chirag.goyal\.codemix\engine\resources\app\extensions\json-language-features\client\dist\jsonMain
[2018-11-09 17:11:45.335] [exthost1] [info] ExtensionService#_doActivateExtension vscode.typescript-language-features {"startup":false,"activationEvent":"onLanguage:jsonc"}
[2018-11-09 17:11:45.335] [exthost1] [info] ExtensionService#loadCommonJSModule c:\Users\chirag.goyal\.codemix\engine\resources\app\extensions\typescript-language-features\dist\extension
[2018-11-09 17:11:45.445] [exthost1] [info] ExtensionService#_doActivateExtension vscode.grunt {"startup":false,"activationEvent":"onCommand:workbench.action.tasks.runTask"}
[2018-11-09 17:11:45.445] [exthost1] [info] ExtensionService#loadCommonJSModule c:\Users\chirag.goyal\.codemix\engine\resources\app\extensions\grunt\out\main
[2018-11-09 17:11:45.454] [exthost1] [info] ExtensionService#_doActivateExtension vscode.gulp {"startup":false,"activationEvent":"onCommand:workbench.action.tasks.runTask"}
[2018-11-09 17:11:45.454] [exthost1] [info] ExtensionService#loadCommonJSModule c:\Users\chirag.goyal\.codemix\engine\resources\app\extensions\gulp\out\main
[2018-11-09 17:11:45.461] [exthost1] [info] ExtensionService#_doActivateExtension vscode.jake {"startup":false,"activationEvent":"onCommand:workbench.action.tasks.runTask"}
[2018-11-09 17:11:45.461] [exthost1] [info] ExtensionService#loadCommonJSModule c:\Users\chirag.goyal\.codemix\engine\resources\app\extensions\jake\out\main
[2018-11-09 17:11:45.485] [exthost1] [info] ExtensionService#_doActivateExtension vscode.npm {"startup":false,"activationEvent":"onCommand:workbench.action.tasks.runTask"}
[2018-11-09 17:11:45.485] [exthost1] [info] ExtensionService#loadCommonJSModule c:\Users\chirag.goyal\.codemix\engine\resources\app\extensions\npm\out\main
[2018-11-09 17:11:46.455] [exthost1] [info] extension host started
[2018-11-09 17:11:46.491] [exthost1] [info] ExtensionService#_doActivateExtension vscode.debug-auto-launch {"startup":true,"activationEvent":"*"}
[2018-11-09 17:11:46.491] [exthost1] [info] ExtensionService#loadCommonJSModule c:\Users\chirag.goyal\.codemix\engine\resources\app\extensions\debug-auto-launch\out\extension
[2018-11-09 17:11:46.500] [exthost1] [info] ExtensionService#_doActivateExtension vscode.emmet {"startup":true,"activationEvent":"*"}
[2018-11-09 17:11:46.500] [exthost1] [info] ExtensionService#loadCommonJSModule c:\Users\chirag.goyal\.codemix\engine\resources\app\extensions\emmet\dist\extension
[2018-11-09 17:11:46.542] [exthost1] [info] ExtensionService#_doActivateExtension vscode.merge-conflict {"startup":true,"activationEvent":"*"}
[2018-11-09 17:11:46.542] [exthost1] [info] ExtensionService#loadCommonJSModule c:\Users\chirag.goyal\.codemix\engine\resources\app\extensions\merge-conflict\out\extension
[2018-11-09 17:11:46.562] [exthost1] [info] ExtensionService#_doActivateExtension vscode.search-rg {"startup":true,"activationEvent":"*"}
[2018-11-09 17:11:46.562] [exthost1] [info] ExtensionService#loadCommonJSModule c:\Users\chirag.goyal\.codemix\engine\resources\app\extensions\search-rg\out\extension
[2018-11-09 17:11:46.572] [exthost1] [info] ExtensionService#_doActivateExtension formulahendry.auto-close-tag {"startup":true,"activationEvent":"*"}
[2018-11-09 17:11:46.572] [exthost1] [info] ExtensionService#loadCommonJSModule C:\Users\chirag.goyal\.vscode\extensions\formulahendry.auto-close-tag-0.5.6\out\src\extension
[2018-11-09 17:11:46.573] [exthost1] [info] ExtensionService#_doActivateExtension HookyQR.beautify {"startup":true,"activationEvent":"*"}
[2018-11-09 17:11:46.573] [exthost1] [info] ExtensionService#loadCommonJSModule C:\Users\chirag.goyal\.vscode\extensions\hookyqr.beautify-1.3.0\extension
[2018-11-09 17:11:46.633] [exthost1] [info] ExtensionService#_doActivateExtension Zignd.html-css-class-completion {"startup":true,"activationEvent":"*"}
[2018-11-09 17:11:46.633] [exthost1] [info] ExtensionService#loadCommonJSModule C:\Users\chirag.goyal\.vscode\extensions\zignd.html-css-class-completion-1.17.1\out\src\extension
[2018-11-09 17:11:47.300] [exthost1] [info] eager extensions activated
[2018-11-09 17:11:47.300] [exthost1] [info] ExtensionService#_doActivateExtension vscode.configuration-editing {"startup":false,"activationEvent":"onLanguage:jsonc"}
[2018-11-09 17:11:47.300] [exthost1] [info] ExtensionService#loadCommonJSModule c:\Users\chirag.goyal\.codemix\engine\resources\app\extensions\configuration-editing\out\extension
[2018-11-09 17:11:47.309] [exthost1] [info] ExtensionService#_doActivateExtension vscode.json-language-features {"startup":false,"activationEvent":"onLanguage:jsonc"}
[2018-11-09 17:11:47.309] [exthost1] [info] ExtensionService#loadCommonJSModule c:\Users\chirag.goyal\.codemix\engine\resources\app\extensions\json-language-features\client\dist\jsonMain
[2018-11-09 17:11:47.400] [exthost1] [info] ExtensionService#_doActivateExtension vscode.typescript-language-features {"startup":false,"activationEvent":"onLanguage:jsonc"}
[2018-11-09 17:11:47.400] [exthost1] [info] ExtensionService#loadCommonJSModule c:\Users\chirag.goyal\.codemix\engine\resources\app\extensions\typescript-language-features\dist\extension
[2018-11-09 17:11:47.498] [exthost1] [info] ExtensionService#_doActivateExtension vscode.grunt {"startup":false,"activationEvent":"onCommand:workbench.action.tasks.runTask"}
[2018-11-09 17:11:47.498] [exthost1] [info] ExtensionService#loadCommonJSModule c:\Users\chirag.goyal\.codemix\engine\resources\app\extensions\grunt\out\main
[2018-11-09 17:11:47.503] [exthost1] [info] ExtensionService#_doActivateExtension vscode.gulp {"startup":false,"activationEvent":"onCommand:workbench.action.tasks.runTask"}
[2018-11-09 17:11:47.503] [exthost1] [info] ExtensionService#loadCommonJSModule c:\Users\chirag.goyal\.codemix\engine\resources\app\extensions\gulp\out\main
[2018-11-09 17:11:47.507] [exthost1] [info] ExtensionService#_doActivateExtension vscode.jake {"startup":false,"activationEvent":"onCommand:workbench.action.tasks.runTask"}
[2018-11-09 17:11:47.507] [exthost1] [info] ExtensionService#loadCommonJSModule c:\Users\chirag.goyal\.codemix\engine\resources\app\extensions\jake\out\main
[2018-11-09 17:11:47.512] [exthost1] [info] ExtensionService#_doActivateExtension vscode.npm {"startup":false,"activationEvent":"onCommand:workbench.action.tasks.runTask"}
[2018-11-09 17:11:47.512] [exthost1] [info] ExtensionService#loadCommonJSModule c:\Users\chirag.goyal\.codemix\engine\resources\app\extensions\npm\out\main
