[2018-11-05 11:40:10.908] [exthost1] [info] extension host started
[2018-11-05 11:40:10.924] [exthost1] [info] ExtensionService#_doActivateExtension vscode.debug-auto-launch {"startup":true,"activationEvent":"*"}
[2018-11-05 11:40:10.924] [exthost1] [info] ExtensionService#loadCommonJSModule c:\Users\chirag.goyal\.codemix\engine\resources\app\extensions\debug-auto-launch\out\extension
[2018-11-05 11:40:10.943] [exthost1] [info] ExtensionService#_doActivateExtension vscode.emmet {"startup":true,"activationEvent":"*"}
[2018-11-05 11:40:10.944] [exthost1] [info] ExtensionService#loadCommonJSModule c:\Users\chirag.goyal\.codemix\engine\resources\app\extensions\emmet\dist\extension
[2018-11-05 11:40:10.998] [exthost1] [info] ExtensionService#_doActivateExtension vscode.merge-conflict {"startup":true,"activationEvent":"*"}
[2018-11-05 11:40:10.998] [exthost1] [info] ExtensionService#loadCommonJSModule c:\Users\chirag.goyal\.codemix\engine\resources\app\extensions\merge-conflict\out\extension
[2018-11-05 11:40:11.078] [exthost1] [info] ExtensionService#_doActivateExtension vscode.search-rg {"startup":true,"activationEvent":"*"}
[2018-11-05 11:40:11.078] [exthost1] [info] ExtensionService#loadCommonJSModule c:\Users\chirag.goyal\.codemix\engine\resources\app\extensions\search-rg\out\extension
[2018-11-05 11:40:11.116] [exthost1] [info] ExtensionService#_doActivateExtension formulahendry.auto-close-tag {"startup":true,"activationEvent":"*"}
[2018-11-05 11:40:11.116] [exthost1] [info] ExtensionService#loadCommonJSModule C:\Users\chirag.goyal\.vscode\extensions\formulahendry.auto-close-tag-0.5.6\out\src\extension
[2018-11-05 11:40:11.131] [exthost1] [info] ExtensionService#_doActivateExtension HookyQR.beautify {"startup":true,"activationEvent":"*"}
[2018-11-05 11:40:11.131] [exthost1] [info] ExtensionService#loadCommonJSModule C:\Users\chirag.goyal\.vscode\extensions\hookyqr.beautify-1.3.0\extension
[2018-11-05 11:40:11.923] [exthost1] [info] ExtensionService#_doActivateExtension Zignd.html-css-class-completion {"startup":true,"activationEvent":"*"}
[2018-11-05 11:40:11.923] [exthost1] [info] ExtensionService#loadCommonJSModule C:\Users\chirag.goyal\.vscode\extensions\zignd.html-css-class-completion-1.17.1\out\src\extension
[2018-11-05 11:40:19.535] [exthost1] [info] eager extensions activated
[2018-11-05 11:40:19.542] [exthost1] [info] ExtensionService#_doActivateExtension vscode.configuration-editing {"startup":false,"activationEvent":"onLanguage:jsonc"}
[2018-11-05 11:40:19.542] [exthost1] [info] ExtensionService#loadCommonJSModule c:\Users\chirag.goyal\.codemix\engine\resources\app\extensions\configuration-editing\out\extension
[2018-11-05 11:40:19.584] [exthost1] [info] ExtensionService#_doActivateExtension vscode.json-language-features {"startup":false,"activationEvent":"onLanguage:jsonc"}
[2018-11-05 11:40:19.584] [exthost1] [info] ExtensionService#loadCommonJSModule c:\Users\chirag.goyal\.codemix\engine\resources\app\extensions\json-language-features\client\dist\jsonMain
[2018-11-05 11:40:19.922] [exthost1] [info] ExtensionService#_doActivateExtension vscode.typescript-language-features {"startup":false,"activationEvent":"onLanguage:jsonc"}
[2018-11-05 11:40:19.922] [exthost1] [info] ExtensionService#loadCommonJSModule c:\Users\chirag.goyal\.codemix\engine\resources\app\extensions\typescript-language-features\dist\extension
[2018-11-05 11:40:20.291] [exthost1] [info] ExtensionService#_doActivateExtension vscode.grunt {"startup":false,"activationEvent":"onCommand:workbench.action.tasks.runTask"}
[2018-11-05 11:40:20.291] [exthost1] [info] ExtensionService#loadCommonJSModule c:\Users\chirag.goyal\.codemix\engine\resources\app\extensions\grunt\out\main
[2018-11-05 11:40:20.310] [exthost1] [info] ExtensionService#_doActivateExtension vscode.gulp {"startup":false,"activationEvent":"onCommand:workbench.action.tasks.runTask"}
[2018-11-05 11:40:20.310] [exthost1] [info] ExtensionService#loadCommonJSModule c:\Users\chirag.goyal\.codemix\engine\resources\app\extensions\gulp\out\main
[2018-11-05 11:40:20.327] [exthost1] [info] ExtensionService#_doActivateExtension vscode.jake {"startup":false,"activationEvent":"onCommand:workbench.action.tasks.runTask"}
[2018-11-05 11:40:20.327] [exthost1] [info] ExtensionService#loadCommonJSModule c:\Users\chirag.goyal\.codemix\engine\resources\app\extensions\jake\out\main
[2018-11-05 11:40:20.346] [exthost1] [info] ExtensionService#_doActivateExtension vscode.npm {"startup":false,"activationEvent":"onCommand:workbench.action.tasks.runTask"}
[2018-11-05 11:40:20.346] [exthost1] [info] ExtensionService#loadCommonJSModule c:\Users\chirag.goyal\.codemix\engine\resources\app\extensions\npm\out\main
